CRITICAL - 2024-10-04 07:00:51 --> CodeIgniter\View\Exceptions\ViewException: Invalid file: "index.php"
in SYSTEMPATH\Exceptions\FrameworkException.php on line 39.
 1 SYSTEMPATH\View\View.php(216): CodeIgniter\Exceptions\FrameworkException::forInvalidFile('index.php')
 2 SYSTEMPATH\Common.php(1178): CodeIgniter\View\View->render('index', [], true)
 3 APPPATH\Controllers\Home.php(9): view('index')
 4 SYSTEMPATH\CodeIgniter.php(943): App\Controllers\Home->index()
 5 SYSTEMPATH\CodeIgniter.php(503): CodeIgniter\CodeIgniter->runController(Object(App\Controllers\Home))
 6 SYSTEMPATH\CodeIgniter.php(361): CodeIgniter\CodeIgniter->handleRequest(null, Object(Config\Cache), false)
 7 FCPATH\index.php(79): CodeIgniter\CodeIgniter->run()
 8 SYSTEMPATH\Commands\Server\rewrite.php(47): require_once('C:\\Data Butuh Cepat\\casn.bps\\casn.bps\\public\\index.php')
CRITICAL - 2024-10-04 07:02:00 --> CodeIgniter\View\Exceptions\ViewException: Invalid file: "index.php"
in SYSTEMPATH\Exceptions\FrameworkException.php on line 39.
 1 SYSTEMPATH\View\View.php(216): CodeIgniter\Exceptions\FrameworkException::forInvalidFile('index.php')
 2 SYSTEMPATH\Common.php(1178): CodeIgniter\View\View->render('index', [], true)
 3 APPPATH\Controllers\Home.php(9): view('index')
 4 SYSTEMPATH\CodeIgniter.php(943): App\Controllers\Home->index()
 5 SYSTEMPATH\CodeIgniter.php(503): CodeIgniter\CodeIgniter->runController(Object(App\Controllers\Home))
 6 SYSTEMPATH\CodeIgniter.php(361): CodeIgniter\CodeIgniter->handleRequest(null, Object(Config\Cache), false)
 7 FCPATH\index.php(79): CodeIgniter\CodeIgniter->run()
 8 SYSTEMPATH\Commands\Server\rewrite.php(47): require_once('C:\\Data Butuh Cepat\\casn.bps\\casn.bps\\public\\index.php')
CRITICAL - 2024-10-04 08:02:48 --> ParseError: Invalid body indentation level (expecting an indentation level of at least 8)
in SYSTEMPATH\Commands\Database\ShowTableInfo.php on line 55.
 1 SYSTEMPATH\Autoloader\Autoloader.php(253): CodeIgniter\Autoloader\Autoloader->includeFile('D:\\Magang Oktober 2024\\casn.bps\\vendor\\composer/../codeigniter4/framework/system/Commands/Database/ShowTableInfo.php')
 2 [internal function]: CodeIgniter\Autoloader\Autoloader->loadClassmap('CodeIgniter\\Commands\\Database\\ShowTableInfo')
 3 [internal function]: spl_autoload_call('CodeIgniter\\Commands\\Database\\ShowTableInfo')
 4 SYSTEMPATH\CLI\Commands.php(105): class_exists('CodeIgniter\\Commands\\Database\\ShowTableInfo')
 5 SYSTEMPATH\CLI\Commands.php(46): CodeIgniter\CLI\Commands->discoverCommands()
 6 SYSTEMPATH\Config\Services.php(174): CodeIgniter\CLI\Commands->__construct()
 7 SYSTEMPATH\Config\BaseService.php(258): CodeIgniter\Config\Services::commands(false)
 8 SYSTEMPATH\Config\BaseService.php(199): CodeIgniter\Config\BaseService::__callStatic('commands', [...])
 9 SYSTEMPATH\Config\Services.php(171): CodeIgniter\Config\BaseService::getSharedInstance('commands')
10 SYSTEMPATH\Config\BaseService.php(258): CodeIgniter\Config\Services::commands()
11 SYSTEMPATH\CLI\Console.php(41): CodeIgniter\Config\BaseService::__callStatic('commands', [])
12 ROOTPATH\spark(102): CodeIgniter\CLI\Console->run()
CRITICAL - 2024-10-04 08:06:00 --> ParseError: Invalid body indentation level (expecting an indentation level of at least 8)
in SYSTEMPATH\Commands\Database\ShowTableInfo.php on line 55.
 1 SYSTEMPATH\Autoloader\Autoloader.php(253): CodeIgniter\Autoloader\Autoloader->includeFile('D:\\MagangOktober2024\\casn.bps\\vendor\\composer/../codeigniter4/framework/system/Commands/Database/ShowTableInfo.php')
 2 [internal function]: CodeIgniter\Autoloader\Autoloader->loadClassmap('CodeIgniter\\Commands\\Database\\ShowTableInfo')
 3 [internal function]: spl_autoload_call('CodeIgniter\\Commands\\Database\\ShowTableInfo')
 4 SYSTEMPATH\CLI\Commands.php(105): class_exists('CodeIgniter\\Commands\\Database\\ShowTableInfo')
 5 SYSTEMPATH\CLI\Commands.php(46): CodeIgniter\CLI\Commands->discoverCommands()
 6 SYSTEMPATH\Config\Services.php(174): CodeIgniter\CLI\Commands->__construct()
 7 SYSTEMPATH\Config\BaseService.php(258): CodeIgniter\Config\Services::commands(false)
 8 SYSTEMPATH\Config\BaseService.php(199): CodeIgniter\Config\BaseService::__callStatic('commands', [...])
 9 SYSTEMPATH\Config\Services.php(171): CodeIgniter\Config\BaseService::getSharedInstance('commands')
10 SYSTEMPATH\Config\BaseService.php(258): CodeIgniter\Config\Services::commands()
11 SYSTEMPATH\CLI\Console.php(41): CodeIgniter\Config\BaseService::__callStatic('commands', [])
12 ROOTPATH\spark(102): CodeIgniter\CLI\Console->run()
